<?xml version="1.0" encoding="UTF-8"?>
<testsuite xmlns:xsi="http://www.w3.org/2001/XMLSchema-instance" xsi:noNamespaceSchemaLocation="https://maven.apache.org/surefire/maven-surefire-plugin/xsd/surefire-test-report.xsd" name="dev.serverest.tests.CadastroBasicoTest" time="6.487" tests="2" errors="0" skipped="0" failures="0">
  <properties>
    <property name="sun.desktop" value="windows"/>
    <property name="awt.toolkit" value="sun.awt.windows.WToolkit"/>
    <property name="java.specification.version" value="11"/>
    <property name="sun.cpu.isalist" value="amd64"/>
    <property name="sun.jnu.encoding" value="Cp1252"/>
    <property name="java.class.path" value="C:\Users\reinaldo.junior\Documents\GitHub\rest-assured-kotlin\target\test-classes;C:\Users\reinaldo.junior\Documents\GitHub\rest-assured-kotlin\target\classes;C:\Users\reinaldo.junior\.m2\repository\io\qameta\allure\allure-junit5\2.15.0\allure-junit5-2.15.0.jar;C:\Users\reinaldo.junior\.m2\repository\io\qameta\allure\allure-junit-platform\2.15.0\allure-junit-platform-2.15.0.jar;C:\Users\reinaldo.junior\.m2\repository\io\qameta\allure\allure-java-commons\2.15.0\allure-java-commons-2.15.0.jar;C:\Users\reinaldo.junior\.m2\repository\io\qameta\allure\allure-model\2.15.0\allure-model-2.15.0.jar;C:\Users\reinaldo.junior\.m2\repository\io\qameta\allure\allure-test-filter\2.15.0\allure-test-filter-2.15.0.jar;C:\Users\reinaldo.junior\.m2\repository\org\junit\jupiter\junit-jupiter-api\5.8.1\junit-jupiter-api-5.8.1.jar;C:\Users\reinaldo.junior\.m2\repository\org\opentest4j\opentest4j\1.2.0\opentest4j-1.2.0.jar;C:\Users\reinaldo.junior\.m2\repository\org\junit\platform\junit-platform-commons\1.8.1\junit-platform-commons-1.8.1.jar;C:\Users\reinaldo.junior\.m2\repository\org\apiguardian\apiguardian-api\1.1.2\apiguardian-api-1.1.2.jar;C:\Users\reinaldo.junior\.m2\repository\org\junit\platform\junit-platform-launcher\1.8.1\junit-platform-launcher-1.8.1.jar;C:\Users\reinaldo.junior\.m2\repository\org\junit\platform\junit-platform-engine\1.8.1\junit-platform-engine-1.8.1.jar;C:\Users\reinaldo.junior\.m2\repository\org\springframework\boot\spring-boot-starter\2.6.0-SNAPSHOT\spring-boot-starter-2.6.0-SNAPSHOT.jar;C:\Users\reinaldo.junior\.m2\repository\org\springframework\boot\spring-boot\2.6.0-SNAPSHOT\spring-boot-2.6.0-SNAPSHOT.jar;C:\Users\reinaldo.junior\.m2\repository\org\springframework\spring-context\5.3.11-SNAPSHOT\spring-context-5.3.11-SNAPSHOT.jar;C:\Users\reinaldo.junior\.m2\repository\org\springframework\spring-aop\5.3.11-SNAPSHOT\spring-aop-5.3.11-SNAPSHOT.jar;C:\Users\reinaldo.junior\.m2\repository\org\springframework\spring-beans\5.3.11-SNAPSHOT\spring-beans-5.3.11-SNAPSHOT.jar;C:\Users\reinaldo.junior\.m2\repository\org\springframework\spring-expression\5.3.11-SNAPSHOT\spring-expression-5.3.11-SNAPSHOT.jar;C:\Users\reinaldo.junior\.m2\repository\org\springframework\boot\spring-boot-autoconfigure\2.6.0-SNAPSHOT\spring-boot-autoconfigure-2.6.0-SNAPSHOT.jar;C:\Users\reinaldo.junior\.m2\repository\org\springframework\boot\spring-boot-starter-logging\2.6.0-SNAPSHOT\spring-boot-starter-logging-2.6.0-SNAPSHOT.jar;C:\Users\reinaldo.junior\.m2\repository\ch\qos\logback\logback-classic\1.2.6\logback-classic-1.2.6.jar;C:\Users\reinaldo.junior\.m2\repository\ch\qos\logback\logback-core\1.2.6\logback-core-1.2.6.jar;C:\Users\reinaldo.junior\.m2\repository\org\apache\logging\log4j\log4j-to-slf4j\2.14.1\log4j-to-slf4j-2.14.1.jar;C:\Users\reinaldo.junior\.m2\repository\org\apache\logging\log4j\log4j-api\2.14.1\log4j-api-2.14.1.jar;C:\Users\reinaldo.junior\.m2\repository\org\slf4j\jul-to-slf4j\1.7.32\jul-to-slf4j-1.7.32.jar;C:\Users\reinaldo.junior\.m2\repository\jakarta\annotation\jakarta.annotation-api\1.3.5\jakarta.annotation-api-1.3.5.jar;C:\Users\reinaldo.junior\.m2\repository\org\springframework\spring-core\5.3.11-SNAPSHOT\spring-core-5.3.11-SNAPSHOT.jar;C:\Users\reinaldo.junior\.m2\repository\org\springframework\spring-jcl\5.3.11-SNAPSHOT\spring-jcl-5.3.11-SNAPSHOT.jar;C:\Users\reinaldo.junior\.m2\repository\org\yaml\snakeyaml\1.29\snakeyaml-1.29.jar;C:\Users\reinaldo.junior\.m2\repository\org\jetbrains\kotlin\kotlin-reflect\1.5.31\kotlin-reflect-1.5.31.jar;C:\Users\reinaldo.junior\.m2\repository\org\jetbrains\kotlin\kotlin-stdlib\1.5.31\kotlin-stdlib-1.5.31.jar;C:\Users\reinaldo.junior\.m2\repository\org\jetbrains\annotations\13.0\annotations-13.0.jar;C:\Users\reinaldo.junior\.m2\repository\org\jetbrains\kotlin\kotlin-stdlib-common\1.5.31\kotlin-stdlib-common-1.5.31.jar;C:\Users\reinaldo.junior\.m2\repository\org\jetbrains\kotlin\kotlin-stdlib-jdk8\1.5.31\kotlin-stdlib-jdk8-1.5.31.jar;C:\Users\reinaldo.junior\.m2\repository\org\jetbrains\kotlin\kotlin-stdlib-jdk7\1.5.31\kotlin-stdlib-jdk7-1.5.31.jar;C:\Users\reinaldo.junior\.m2\repository\org\springframework\boot\spring-boot-starter-test\2.6.0-SNAPSHOT\spring-boot-starter-test-2.6.0-SNAPSHOT.jar;C:\Users\reinaldo.junior\.m2\repository\org\springframework\boot\spring-boot-test\2.6.0-SNAPSHOT\spring-boot-test-2.6.0-SNAPSHOT.jar;C:\Users\reinaldo.junior\.m2\repository\org\springframework\boot\spring-boot-test-autoconfigure\2.6.0-SNAPSHOT\spring-boot-test-autoconfigure-2.6.0-SNAPSHOT.jar;C:\Users\reinaldo.junior\.m2\repository\com\jayway\jsonpath\json-path\2.6.0\json-path-2.6.0.jar;C:\Users\reinaldo.junior\.m2\repository\net\minidev\json-smart\2.4.7\json-smart-2.4.7.jar;C:\Users\reinaldo.junior\.m2\repository\net\minidev\accessors-smart\2.4.7\accessors-smart-2.4.7.jar;C:\Users\reinaldo.junior\.m2\repository\org\ow2\asm\asm\9.1\asm-9.1.jar;C:\Users\reinaldo.junior\.m2\repository\org\slf4j\slf4j-api\1.7.32\slf4j-api-1.7.32.jar;C:\Users\reinaldo.junior\.m2\repository\jakarta\xml\bind\jakarta.xml.bind-api\2.3.3\jakarta.xml.bind-api-2.3.3.jar;C:\Users\reinaldo.junior\.m2\repository\jakarta\activation\jakarta.activation-api\1.2.2\jakarta.activation-api-1.2.2.jar;C:\Users\reinaldo.junior\.m2\repository\org\assertj\assertj-core\3.21.0\assertj-core-3.21.0.jar;C:\Users\reinaldo.junior\.m2\repository\org\hamcrest\hamcrest\2.2\hamcrest-2.2.jar;C:\Users\reinaldo.junior\.m2\repository\org\junit\jupiter\junit-jupiter\5.8.1\junit-jupiter-5.8.1.jar;C:\Users\reinaldo.junior\.m2\repository\org\junit\jupiter\junit-jupiter-params\5.8.1\junit-jupiter-params-5.8.1.jar;C:\Users\reinaldo.junior\.m2\repository\org\junit\jupiter\junit-jupiter-engine\5.8.1\junit-jupiter-engine-5.8.1.jar;C:\Users\reinaldo.junior\.m2\repository\org\mockito\mockito-core\3.12.4\mockito-core-3.12.4.jar;C:\Users\reinaldo.junior\.m2\repository\net\bytebuddy\byte-buddy\1.11.18\byte-buddy-1.11.18.jar;C:\Users\reinaldo.junior\.m2\repository\net\bytebuddy\byte-buddy-agent\1.11.18\byte-buddy-agent-1.11.18.jar;C:\Users\reinaldo.junior\.m2\repository\org\objenesis\objenesis\3.2\objenesis-3.2.jar;C:\Users\reinaldo.junior\.m2\repository\org\mockito\mockito-junit-jupiter\3.12.4\mockito-junit-jupiter-3.12.4.jar;C:\Users\reinaldo.junior\.m2\repository\org\skyscreamer\jsonassert\1.5.0\jsonassert-1.5.0.jar;C:\Users\reinaldo.junior\.m2\repository\com\vaadin\external\google\android-json\0.0.20131108.vaadin1\android-json-0.0.20131108.vaadin1.jar;C:\Users\reinaldo.junior\.m2\repository\org\springframework\spring-test\5.3.11-SNAPSHOT\spring-test-5.3.11-SNAPSHOT.jar;C:\Users\reinaldo.junior\.m2\repository\org\xmlunit\xmlunit-core\2.8.2\xmlunit-core-2.8.2.jar;C:\Users\reinaldo.junior\.m2\repository\io\rest-assured\rest-assured\4.4.0\rest-assured-4.4.0.jar;C:\Users\reinaldo.junior\.m2\repository\org\codehaus\groovy\groovy\3.0.9\groovy-3.0.9.jar;C:\Users\reinaldo.junior\.m2\repository\org\codehaus\groovy\groovy-xml\3.0.9\groovy-xml-3.0.9.jar;C:\Users\reinaldo.junior\.m2\repository\org\apache\httpcomponents\httpclient\4.5.13\httpclient-4.5.13.jar;C:\Users\reinaldo.junior\.m2\repository\org\apache\httpcomponents\httpcore\4.4.14\httpcore-4.4.14.jar;C:\Users\reinaldo.junior\.m2\repository\commons-codec\commons-codec\1.15\commons-codec-1.15.jar;C:\Users\reinaldo.junior\.m2\repository\org\apache\httpcomponents\httpmime\4.5.13\httpmime-4.5.13.jar;C:\Users\reinaldo.junior\.m2\repository\org\ccil\cowan\tagsoup\tagsoup\1.2.1\tagsoup-1.2.1.jar;C:\Users\reinaldo.junior\.m2\repository\io\rest-assured\json-path\4.4.0\json-path-4.4.0.jar;C:\Users\reinaldo.junior\.m2\repository\org\codehaus\groovy\groovy-json\3.0.9\groovy-json-3.0.9.jar;C:\Users\reinaldo.junior\.m2\repository\io\rest-assured\rest-assured-common\4.4.0\rest-assured-common-4.4.0.jar;C:\Users\reinaldo.junior\.m2\repository\io\rest-assured\xml-path\4.4.0\xml-path-4.4.0.jar;C:\Users\reinaldo.junior\.m2\repository\com\sun\xml\bind\jaxb-impl\2.3.3\jaxb-impl-2.3.3.jar;C:\Users\reinaldo.junior\.m2\repository\io\rest-assured\kotlin-extensions\4.4.0\kotlin-extensions-4.4.0.jar;C:\Users\reinaldo.junior\.m2\repository\com\google\code\gson\gson\2.8.8\gson-2.8.8.jar;C:\Users\reinaldo.junior\.m2\repository\com\github\javafaker\javafaker\1.0.2\javafaker-1.0.2.jar;C:\Users\reinaldo.junior\.m2\repository\org\apache\commons\commons-lang3\3.12.0\commons-lang3-3.12.0.jar;C:\Users\reinaldo.junior\.m2\repository\org\yaml\snakeyaml\1.23\snakeyaml-1.23-android.jar;C:\Users\reinaldo.junior\.m2\repository\com\github\mifmif\generex\1.0.2\generex-1.0.2.jar;C:\Users\reinaldo.junior\.m2\repository\dk\brics\automaton\automaton\1.11-8\automaton-1.11-8.jar;"/>
    <property name="java.vm.vendor" value="Oracle Corporation"/>
    <property name="sun.arch.data.model" value="64"/>
    <property name="user.variant" value=""/>
    <property name="java.vendor.url" value="https://openjdk.java.net/"/>
    <property name="user.timezone" value="America/Sao_Paulo"/>
    <property name="java.vm.specification.version" value="11"/>
    <property name="os.name" value="Windows 10"/>
    <property name="sun.java.launcher" value="SUN_STANDARD"/>
    <property name="user.country" value="BR"/>
    <property name="sun.boot.library.path" value="C:\Program Files\Java\jdk-11.0.11\bin"/>
    <property name="sun.java.command" value="C:\Users\REINAL~1.JUN\AppData\Local\Temp\surefire16406465753227259223\surefirebooter16489951676552692239.jar C:\Users\reinaldo.junior\AppData\Local\Temp\surefire16406465753227259223 2021-10-11T16-09-46_871-jvmRun1 surefire9166255273061559159tmp surefire_015619652597784605873tmp"/>
    <property name="jdk.debug" value="release"/>
    <property name="surefire.test.class.path" value="C:\Users\reinaldo.junior\Documents\GitHub\rest-assured-kotlin\target\test-classes;C:\Users\reinaldo.junior\Documents\GitHub\rest-assured-kotlin\target\classes;C:\Users\reinaldo.junior\.m2\repository\io\qameta\allure\allure-junit5\2.15.0\allure-junit5-2.15.0.jar;C:\Users\reinaldo.junior\.m2\repository\io\qameta\allure\allure-junit-platform\2.15.0\allure-junit-platform-2.15.0.jar;C:\Users\reinaldo.junior\.m2\repository\io\qameta\allure\allure-java-commons\2.15.0\allure-java-commons-2.15.0.jar;C:\Users\reinaldo.junior\.m2\repository\io\qameta\allure\allure-model\2.15.0\allure-model-2.15.0.jar;C:\Users\reinaldo.junior\.m2\repository\io\qameta\allure\allure-test-filter\2.15.0\allure-test-filter-2.15.0.jar;C:\Users\reinaldo.junior\.m2\repository\org\junit\jupiter\junit-jupiter-api\5.8.1\junit-jupiter-api-5.8.1.jar;C:\Users\reinaldo.junior\.m2\repository\org\opentest4j\opentest4j\1.2.0\opentest4j-1.2.0.jar;C:\Users\reinaldo.junior\.m2\repository\org\junit\platform\junit-platform-commons\1.8.1\junit-platform-commons-1.8.1.jar;C:\Users\reinaldo.junior\.m2\repository\org\apiguardian\apiguardian-api\1.1.2\apiguardian-api-1.1.2.jar;C:\Users\reinaldo.junior\.m2\repository\org\junit\platform\junit-platform-launcher\1.8.1\junit-platform-launcher-1.8.1.jar;C:\Users\reinaldo.junior\.m2\repository\org\junit\platform\junit-platform-engine\1.8.1\junit-platform-engine-1.8.1.jar;C:\Users\reinaldo.junior\.m2\repository\org\springframework\boot\spring-boot-starter\2.6.0-SNAPSHOT\spring-boot-starter-2.6.0-SNAPSHOT.jar;C:\Users\reinaldo.junior\.m2\repository\org\springframework\boot\spring-boot\2.6.0-SNAPSHOT\spring-boot-2.6.0-SNAPSHOT.jar;C:\Users\reinaldo.junior\.m2\repository\org\springframework\spring-context\5.3.11-SNAPSHOT\spring-context-5.3.11-SNAPSHOT.jar;C:\Users\reinaldo.junior\.m2\repository\org\springframework\spring-aop\5.3.11-SNAPSHOT\spring-aop-5.3.11-SNAPSHOT.jar;C:\Users\reinaldo.junior\.m2\repository\org\springframework\spring-beans\5.3.11-SNAPSHOT\spring-beans-5.3.11-SNAPSHOT.jar;C:\Users\reinaldo.junior\.m2\repository\org\springframework\spring-expression\5.3.11-SNAPSHOT\spring-expression-5.3.11-SNAPSHOT.jar;C:\Users\reinaldo.junior\.m2\repository\org\springframework\boot\spring-boot-autoconfigure\2.6.0-SNAPSHOT\spring-boot-autoconfigure-2.6.0-SNAPSHOT.jar;C:\Users\reinaldo.junior\.m2\repository\org\springframework\boot\spring-boot-starter-logging\2.6.0-SNAPSHOT\spring-boot-starter-logging-2.6.0-SNAPSHOT.jar;C:\Users\reinaldo.junior\.m2\repository\ch\qos\logback\logback-classic\1.2.6\logback-classic-1.2.6.jar;C:\Users\reinaldo.junior\.m2\repository\ch\qos\logback\logback-core\1.2.6\logback-core-1.2.6.jar;C:\Users\reinaldo.junior\.m2\repository\org\apache\logging\log4j\log4j-to-slf4j\2.14.1\log4j-to-slf4j-2.14.1.jar;C:\Users\reinaldo.junior\.m2\repository\org\apache\logging\log4j\log4j-api\2.14.1\log4j-api-2.14.1.jar;C:\Users\reinaldo.junior\.m2\repository\org\slf4j\jul-to-slf4j\1.7.32\jul-to-slf4j-1.7.32.jar;C:\Users\reinaldo.junior\.m2\repository\jakarta\annotation\jakarta.annotation-api\1.3.5\jakarta.annotation-api-1.3.5.jar;C:\Users\reinaldo.junior\.m2\repository\org\springframework\spring-core\5.3.11-SNAPSHOT\spring-core-5.3.11-SNAPSHOT.jar;C:\Users\reinaldo.junior\.m2\repository\org\springframework\spring-jcl\5.3.11-SNAPSHOT\spring-jcl-5.3.11-SNAPSHOT.jar;C:\Users\reinaldo.junior\.m2\repository\org\yaml\snakeyaml\1.29\snakeyaml-1.29.jar;C:\Users\reinaldo.junior\.m2\repository\org\jetbrains\kotlin\kotlin-reflect\1.5.31\kotlin-reflect-1.5.31.jar;C:\Users\reinaldo.junior\.m2\repository\org\jetbrains\kotlin\kotlin-stdlib\1.5.31\kotlin-stdlib-1.5.31.jar;C:\Users\reinaldo.junior\.m2\repository\org\jetbrains\annotations\13.0\annotations-13.0.jar;C:\Users\reinaldo.junior\.m2\repository\org\jetbrains\kotlin\kotlin-stdlib-common\1.5.31\kotlin-stdlib-common-1.5.31.jar;C:\Users\reinaldo.junior\.m2\repository\org\jetbrains\kotlin\kotlin-stdlib-jdk8\1.5.31\kotlin-stdlib-jdk8-1.5.31.jar;C:\Users\reinaldo.junior\.m2\repository\org\jetbrains\kotlin\kotlin-stdlib-jdk7\1.5.31\kotlin-stdlib-jdk7-1.5.31.jar;C:\Users\reinaldo.junior\.m2\repository\org\springframework\boot\spring-boot-starter-test\2.6.0-SNAPSHOT\spring-boot-starter-test-2.6.0-SNAPSHOT.jar;C:\Users\reinaldo.junior\.m2\repository\org\springframework\boot\spring-boot-test\2.6.0-SNAPSHOT\spring-boot-test-2.6.0-SNAPSHOT.jar;C:\Users\reinaldo.junior\.m2\repository\org\springframework\boot\spring-boot-test-autoconfigure\2.6.0-SNAPSHOT\spring-boot-test-autoconfigure-2.6.0-SNAPSHOT.jar;C:\Users\reinaldo.junior\.m2\repository\com\jayway\jsonpath\json-path\2.6.0\json-path-2.6.0.jar;C:\Users\reinaldo.junior\.m2\repository\net\minidev\json-smart\2.4.7\json-smart-2.4.7.jar;C:\Users\reinaldo.junior\.m2\repository\net\minidev\accessors-smart\2.4.7\accessors-smart-2.4.7.jar;C:\Users\reinaldo.junior\.m2\repository\org\ow2\asm\asm\9.1\asm-9.1.jar;C:\Users\reinaldo.junior\.m2\repository\org\slf4j\slf4j-api\1.7.32\slf4j-api-1.7.32.jar;C:\Users\reinaldo.junior\.m2\repository\jakarta\xml\bind\jakarta.xml.bind-api\2.3.3\jakarta.xml.bind-api-2.3.3.jar;C:\Users\reinaldo.junior\.m2\repository\jakarta\activation\jakarta.activation-api\1.2.2\jakarta.activation-api-1.2.2.jar;C:\Users\reinaldo.junior\.m2\repository\org\assertj\assertj-core\3.21.0\assertj-core-3.21.0.jar;C:\Users\reinaldo.junior\.m2\repository\org\hamcrest\hamcrest\2.2\hamcrest-2.2.jar;C:\Users\reinaldo.junior\.m2\repository\org\junit\jupiter\junit-jupiter\5.8.1\junit-jupiter-5.8.1.jar;C:\Users\reinaldo.junior\.m2\repository\org\junit\jupiter\junit-jupiter-params\5.8.1\junit-jupiter-params-5.8.1.jar;C:\Users\reinaldo.junior\.m2\repository\org\junit\jupiter\junit-jupiter-engine\5.8.1\junit-jupiter-engine-5.8.1.jar;C:\Users\reinaldo.junior\.m2\repository\org\mockito\mockito-core\3.12.4\mockito-core-3.12.4.jar;C:\Users\reinaldo.junior\.m2\repository\net\bytebuddy\byte-buddy\1.11.18\byte-buddy-1.11.18.jar;C:\Users\reinaldo.junior\.m2\repository\net\bytebuddy\byte-buddy-agent\1.11.18\byte-buddy-agent-1.11.18.jar;C:\Users\reinaldo.junior\.m2\repository\org\objenesis\objenesis\3.2\objenesis-3.2.jar;C:\Users\reinaldo.junior\.m2\repository\org\mockito\mockito-junit-jupiter\3.12.4\mockito-junit-jupiter-3.12.4.jar;C:\Users\reinaldo.junior\.m2\repository\org\skyscreamer\jsonassert\1.5.0\jsonassert-1.5.0.jar;C:\Users\reinaldo.junior\.m2\repository\com\vaadin\external\google\android-json\0.0.20131108.vaadin1\android-json-0.0.20131108.vaadin1.jar;C:\Users\reinaldo.junior\.m2\repository\org\springframework\spring-test\5.3.11-SNAPSHOT\spring-test-5.3.11-SNAPSHOT.jar;C:\Users\reinaldo.junior\.m2\repository\org\xmlunit\xmlunit-core\2.8.2\xmlunit-core-2.8.2.jar;C:\Users\reinaldo.junior\.m2\repository\io\rest-assured\rest-assured\4.4.0\rest-assured-4.4.0.jar;C:\Users\reinaldo.junior\.m2\repository\org\codehaus\groovy\groovy\3.0.9\groovy-3.0.9.jar;C:\Users\reinaldo.junior\.m2\repository\org\codehaus\groovy\groovy-xml\3.0.9\groovy-xml-3.0.9.jar;C:\Users\reinaldo.junior\.m2\repository\org\apache\httpcomponents\httpclient\4.5.13\httpclient-4.5.13.jar;C:\Users\reinaldo.junior\.m2\repository\org\apache\httpcomponents\httpcore\4.4.14\httpcore-4.4.14.jar;C:\Users\reinaldo.junior\.m2\repository\commons-codec\commons-codec\1.15\commons-codec-1.15.jar;C:\Users\reinaldo.junior\.m2\repository\org\apache\httpcomponents\httpmime\4.5.13\httpmime-4.5.13.jar;C:\Users\reinaldo.junior\.m2\repository\org\ccil\cowan\tagsoup\tagsoup\1.2.1\tagsoup-1.2.1.jar;C:\Users\reinaldo.junior\.m2\repository\io\rest-assured\json-path\4.4.0\json-path-4.4.0.jar;C:\Users\reinaldo.junior\.m2\repository\org\codehaus\groovy\groovy-json\3.0.9\groovy-json-3.0.9.jar;C:\Users\reinaldo.junior\.m2\repository\io\rest-assured\rest-assured-common\4.4.0\rest-assured-common-4.4.0.jar;C:\Users\reinaldo.junior\.m2\repository\io\rest-assured\xml-path\4.4.0\xml-path-4.4.0.jar;C:\Users\reinaldo.junior\.m2\repository\com\sun\xml\bind\jaxb-impl\2.3.3\jaxb-impl-2.3.3.jar;C:\Users\reinaldo.junior\.m2\repository\io\rest-assured\kotlin-extensions\4.4.0\kotlin-extensions-4.4.0.jar;C:\Users\reinaldo.junior\.m2\repository\com\google\code\gson\gson\2.8.8\gson-2.8.8.jar;C:\Users\reinaldo.junior\.m2\repository\com\github\javafaker\javafaker\1.0.2\javafaker-1.0.2.jar;C:\Users\reinaldo.junior\.m2\repository\org\apache\commons\commons-lang3\3.12.0\commons-lang3-3.12.0.jar;C:\Users\reinaldo.junior\.m2\repository\org\yaml\snakeyaml\1.23\snakeyaml-1.23-android.jar;C:\Users\reinaldo.junior\.m2\repository\com\github\mifmif\generex\1.0.2\generex-1.0.2.jar;C:\Users\reinaldo.junior\.m2\repository\dk\brics\automaton\automaton\1.11-8\automaton-1.11-8.jar;"/>
    <property name="sun.cpu.endian" value="little"/>
    <property name="user.home" value="C:\Users\reinaldo.junior"/>
    <property name="user.language" value="pt"/>
    <property name="java.specification.vendor" value="Oracle Corporation"/>
    <property name="java.version.date" value="2021-04-20"/>
    <property name="java.home" value="C:\Program Files\Java\jdk-11.0.11"/>
    <property name="file.separator" value="\"/>
    <property name="basedir" value="C:\Users\reinaldo.junior\Documents\GitHub\rest-assured-kotlin"/>
    <property name="java.vm.compressedOopsMode" value="Zero based"/>
    <property name="line.separator" value="&#10;"/>
    <property name="java.specification.name" value="Java Platform API Specification"/>
    <property name="java.vm.specification.vendor" value="Oracle Corporation"/>
    <property name="java.awt.graphicsenv" value="sun.awt.Win32GraphicsEnvironment"/>
    <property name="surefire.real.class.path" value="C:\Users\REINAL~1.JUN\AppData\Local\Temp\surefire16406465753227259223\surefirebooter16489951676552692239.jar"/>
    <property name="user.script" value=""/>
    <property name="sun.management.compiler" value="HotSpot 64-Bit Tiered Compilers"/>
    <property name="java.runtime.version" value="11.0.11+9-LTS-194"/>
    <property name="user.name" value="reinaldo.junior"/>
    <property name="path.separator" value=";"/>
    <property name="os.version" value="10.0"/>
    <property name="java.runtime.name" value="Java(TM) SE Runtime Environment"/>
    <property name="file.encoding" value="Cp1252"/>
    <property name="java.vm.name" value="Java HotSpot(TM) 64-Bit Server VM"/>
    <property name="java.vendor.version" value="18.9"/>
    <property name="localRepository" value="C:\Users\reinaldo.junior\.m2\repository"/>
    <property name="java.vendor.url.bug" value="https://bugreport.java.com/bugreport/"/>
    <property name="java.io.tmpdir" value="C:\Users\REINAL~1.JUN\AppData\Local\Temp\"/>
    <property name="idea.version" value="2021.2.1"/>
    <property name="java.version" value="11.0.11"/>
    <property name="user.dir" value="C:\Users\reinaldo.junior\Documents\GitHub\rest-assured-kotlin"/>
    <property name="os.arch" value="amd64"/>
    <property name="java.vm.specification.name" value="Java Virtual Machine Specification"/>
    <property name="java.awt.printerjob" value="sun.awt.windows.WPrinterJob"/>
    <property name="sun.os.patch.level" value=""/>
    <property name="java.library.path" value="C:\Program Files\Java\jdk-11.0.11\bin;C:\Windows\Sun\Java\bin;C:\Windows\system32;C:\Windows;C:\Program Files\Python38\Scripts\;C:\Program Files\Python38\;C:\Program Files\Common Files\Oracle\Java\javapath;C:\Windows\system32;C:\Windows;C:\Windows\System32\Wbem;C:\Windows\System32\WindowsPowerShell\v1.0\;C:\Windows\System32\OpenSSH\;C:\Program Files\PuTTY\;C:\Program Files\nodejs\;C:\ProgramData\chocolatey\bin;C:\Program Files\Docker\Docker\resources\bin;C:\ProgramData\DockerDesktop\version-bin;C:\Users\reinaldo.junior\Documents\gradle-7.1.1\bin;C:\Users\reinaldo.junior\AppData\Local\Programs\Git\bin;C:\jenkins\allure\allure-2.8.0\bin;C:\Program Files\Google\Chrome\Application\;C:\Users\reinaldo.junior\Documents\github-projetos\automation-controlpaycert\drivers;C:\Users\reinaldo.junior\AppData\Local\Mozilla Firefox\firefox.exe;C:\Users\reinaldo.junior\Documents\kotlin-native-windows-1.5.21\kotlin-native-windows-1.5.21\bin;C:\Users\reinaldo.junior\Documents\apache-maven-3.8.2\bin;C:\Users\reinaldo.junior\AppData\Roaming\npm;C:\Program Files\Google\Chrome\Application;C:\Users\reinaldo.junior\Documents\allure-2.14.0\bin;C:\Ruby27\bin;C:\Ruby30\bin;C:\Users\reinaldo.junior\AppData\Local\Microsoft\WindowsApps;C:\Users\reinaldo.junior\AppData\Local\Programs\Microsoft VS Code\bin;C:\Users\reinaldo.junior\AppData\Local\Programs\Git\cmd;C:\Program Files\JetBrains\IntelliJ IDEA Community Edition 2021.2\bin;C:\Users\reinaldo.junior\AppData\Local\JetBrains\PyCharm Community Edition 2021.1.3\bin;C:\Users\reinaldo.junior\Documents\chromedriver_win32;C:\Users\reinaldo.junior\AppData\Local\GitHubDesktop\bin;."/>
    <property name="java.vendor" value="Oracle Corporation"/>
    <property name="java.vm.info" value="mixed mode"/>
    <property name="java.vm.version" value="11.0.11+9-LTS-194"/>
    <property name="sun.io.unicode.encoding" value="UnicodeLittle"/>
    <property name="java.class.version" value="55.0"/>
  </properties>
  <testcase name="cadastroDeUsuarioTest" classname="dev.serverest.tests.CadastroBasicoTest" time="5.901"/>
  <testcase name="cadastroDeUsuarioMessageEmailTest" classname="dev.serverest.tests.CadastroBasicoTest" time="0.181"/>
</testsuite>